<?xml version="1.0" encoding="UTF-8"?>
<testsuite xmlns:xsi="http://www.w3.org/2001/XMLSchema-instance" xsi:noNamespaceSchemaLocation="https://maven.apache.org/surefire/maven-surefire-plugin/xsd/surefire-test-report.xsd" name="com.sky.test.RedisTest" time="11.903" tests="1" errors="0" skipped="0" failures="0">
  <properties>
    <property name="sun.desktop" value="windows"/>
    <property name="awt.toolkit" value="sun.awt.windows.WToolkit"/>
    <property name="file.encoding.pkg" value="sun.io"/>
    <property name="java.specification.version" value="1.8"/>
    <property name="sun.cpu.isalist" value="amd64"/>
    <property name="sun.jnu.encoding" value="GBK"/>
    <property name="java.class.path" value="C:\desktop\sky\sky-server\target\test-classes;C:\desktop\sky\sky-server\target\classes;C:\desktop\sky\sky-common\target\sky-common-1.0-SNAPSHOT.jar;C:\Program Files\apache-maven-3.5.2\repository\commons-lang\commons-lang\2.6\commons-lang-2.6.jar;C:\Program Files\apache-maven-3.5.2\repository\org\springframework\boot\spring-boot-starter-json\2.7.3\spring-boot-starter-json-2.7.3.jar;C:\Program Files\apache-maven-3.5.2\repository\com\fasterxml\jackson\datatype\jackson-datatype-jdk8\2.13.3\jackson-datatype-jdk8-2.13.3.jar;C:\Program Files\apache-maven-3.5.2\repository\com\fasterxml\jackson\datatype\jackson-datatype-jsr310\2.13.3\jackson-datatype-jsr310-2.13.3.jar;C:\Program Files\apache-maven-3.5.2\repository\com\fasterxml\jackson\module\jackson-module-parameter-names\2.13.3\jackson-module-parameter-names-2.13.3.jar;C:\Program Files\apache-maven-3.5.2\repository\io\jsonwebtoken\jjwt\0.9.1\jjwt-0.9.1.jar;C:\Program Files\apache-maven-3.5.2\repository\com\aliyun\oss\aliyun-sdk-oss\3.10.2\aliyun-sdk-oss-3.10.2.jar;C:\Program Files\apache-maven-3.5.2\repository\org\apache\httpcomponents\httpclient\4.5.13\httpclient-4.5.13.jar;C:\Program Files\apache-maven-3.5.2\repository\org\apache\httpcomponents\httpcore\4.4.15\httpcore-4.4.15.jar;C:\Program Files\apache-maven-3.5.2\repository\org\jdom\jdom2\2.0.6.1\jdom2-2.0.6.1.jar;C:\Program Files\apache-maven-3.5.2\repository\org\codehaus\jettison\jettison\1.1\jettison-1.1.jar;C:\Program Files\apache-maven-3.5.2\repository\stax\stax-api\1.0.1\stax-api-1.0.1.jar;C:\Program Files\apache-maven-3.5.2\repository\com\aliyun\aliyun-java-sdk-core\3.4.0\aliyun-java-sdk-core-3.4.0.jar;C:\Program Files\apache-maven-3.5.2\repository\com\aliyun\aliyun-java-sdk-ram\3.0.0\aliyun-java-sdk-ram-3.0.0.jar;C:\Program Files\apache-maven-3.5.2\repository\com\aliyun\aliyun-java-sdk-sts\3.0.0\aliyun-java-sdk-sts-3.0.0.jar;C:\Program Files\apache-maven-3.5.2\repository\com\aliyun\aliyun-java-sdk-ecs\4.2.0\aliyun-java-sdk-ecs-4.2.0.jar;C:\Program Files\apache-maven-3.5.2\repository\com\aliyun\aliyun-java-sdk-kms\2.7.0\aliyun-java-sdk-kms-2.7.0.jar;C:\Program Files\apache-maven-3.5.2\repository\com\google\code\gson\gson\2.9.1\gson-2.9.1.jar;C:\Program Files\apache-maven-3.5.2\repository\com\github\wechatpay-apiv3\wechatpay-apache-httpclient\0.4.8\wechatpay-apache-httpclient-0.4.8.jar;C:\Program Files\apache-maven-3.5.2\repository\org\apache\httpcomponents\httpmime\4.5.13\httpmime-4.5.13.jar;C:\desktop\sky\sky-pojo\target\sky-pojo-1.0-SNAPSHOT.jar;C:\Program Files\apache-maven-3.5.2\repository\com\fasterxml\jackson\core\jackson-databind\2.13.3\jackson-databind-2.13.3.jar;C:\Program Files\apache-maven-3.5.2\repository\com\fasterxml\jackson\core\jackson-annotations\2.13.3\jackson-annotations-2.13.3.jar;C:\Program Files\apache-maven-3.5.2\repository\com\fasterxml\jackson\core\jackson-core\2.13.3\jackson-core-2.13.3.jar;C:\Program Files\apache-maven-3.5.2\repository\org\springframework\boot\spring-boot-starter\2.7.3\spring-boot-starter-2.7.3.jar;C:\Program Files\apache-maven-3.5.2\repository\org\springframework\boot\spring-boot\2.7.3\spring-boot-2.7.3.jar;C:\Program Files\apache-maven-3.5.2\repository\org\springframework\spring-context\5.3.22\spring-context-5.3.22.jar;C:\Program Files\apache-maven-3.5.2\repository\org\springframework\boot\spring-boot-autoconfigure\2.7.3\spring-boot-autoconfigure-2.7.3.jar;C:\Program Files\apache-maven-3.5.2\repository\org\springframework\boot\spring-boot-starter-logging\2.7.3\spring-boot-starter-logging-2.7.3.jar;C:\Program Files\apache-maven-3.5.2\repository\ch\qos\logback\logback-classic\1.2.11\logback-classic-1.2.11.jar;C:\Program Files\apache-maven-3.5.2\repository\ch\qos\logback\logback-core\1.2.11\logback-core-1.2.11.jar;C:\Program Files\apache-maven-3.5.2\repository\org\apache\logging\log4j\log4j-to-slf4j\2.17.2\log4j-to-slf4j-2.17.2.jar;C:\Program Files\apache-maven-3.5.2\repository\org\apache\logging\log4j\log4j-api\2.17.2\log4j-api-2.17.2.jar;C:\Program Files\apache-maven-3.5.2\repository\org\slf4j\jul-to-slf4j\1.7.36\jul-to-slf4j-1.7.36.jar;C:\Program Files\apache-maven-3.5.2\repository\jakarta\annotation\jakarta.annotation-api\1.3.5\jakarta.annotation-api-1.3.5.jar;C:\Program Files\apache-maven-3.5.2\repository\org\springframework\spring-core\5.3.22\spring-core-5.3.22.jar;C:\Program Files\apache-maven-3.5.2\repository\org\springframework\spring-jcl\5.3.22\spring-jcl-5.3.22.jar;C:\Program Files\apache-maven-3.5.2\repository\org\yaml\snakeyaml\1.30\snakeyaml-1.30.jar;C:\Program Files\apache-maven-3.5.2\repository\org\springframework\boot\spring-boot-starter-test\2.7.3\spring-boot-starter-test-2.7.3.jar;C:\Program Files\apache-maven-3.5.2\repository\org\springframework\boot\spring-boot-test\2.7.3\spring-boot-test-2.7.3.jar;C:\Program Files\apache-maven-3.5.2\repository\org\springframework\boot\spring-boot-test-autoconfigure\2.7.3\spring-boot-test-autoconfigure-2.7.3.jar;C:\Program Files\apache-maven-3.5.2\repository\com\jayway\jsonpath\json-path\2.7.0\json-path-2.7.0.jar;C:\Program Files\apache-maven-3.5.2\repository\net\minidev\json-smart\2.4.8\json-smart-2.4.8.jar;C:\Program Files\apache-maven-3.5.2\repository\net\minidev\accessors-smart\2.4.8\accessors-smart-2.4.8.jar;C:\Program Files\apache-maven-3.5.2\repository\org\ow2\asm\asm\9.1\asm-9.1.jar;C:\Program Files\apache-maven-3.5.2\repository\jakarta\xml\bind\jakarta.xml.bind-api\2.3.3\jakarta.xml.bind-api-2.3.3.jar;C:\Program Files\apache-maven-3.5.2\repository\jakarta\activation\jakarta.activation-api\1.2.2\jakarta.activation-api-1.2.2.jar;C:\Program Files\apache-maven-3.5.2\repository\org\assertj\assertj-core\3.22.0\assertj-core-3.22.0.jar;C:\Program Files\apache-maven-3.5.2\repository\org\hamcrest\hamcrest\2.2\hamcrest-2.2.jar;C:\Program Files\apache-maven-3.5.2\repository\org\junit\jupiter\junit-jupiter\5.8.2\junit-jupiter-5.8.2.jar;C:\Program Files\apache-maven-3.5.2\repository\org\junit\jupiter\junit-jupiter-api\5.8.2\junit-jupiter-api-5.8.2.jar;C:\Program Files\apache-maven-3.5.2\repository\org\opentest4j\opentest4j\1.2.0\opentest4j-1.2.0.jar;C:\Program Files\apache-maven-3.5.2\repository\org\junit\platform\junit-platform-commons\1.8.2\junit-platform-commons-1.8.2.jar;C:\Program Files\apache-maven-3.5.2\repository\org\apiguardian\apiguardian-api\1.1.2\apiguardian-api-1.1.2.jar;C:\Program Files\apache-maven-3.5.2\repository\org\junit\jupiter\junit-jupiter-params\5.8.2\junit-jupiter-params-5.8.2.jar;C:\Program Files\apache-maven-3.5.2\repository\org\junit\jupiter\junit-jupiter-engine\5.8.2\junit-jupiter-engine-5.8.2.jar;C:\Program Files\apache-maven-3.5.2\repository\org\junit\platform\junit-platform-engine\1.8.2\junit-platform-engine-1.8.2.jar;C:\Program Files\apache-maven-3.5.2\repository\org\mockito\mockito-core\4.5.1\mockito-core-4.5.1.jar;C:\Program Files\apache-maven-3.5.2\repository\net\bytebuddy\byte-buddy\1.12.13\byte-buddy-1.12.13.jar;C:\Program Files\apache-maven-3.5.2\repository\net\bytebuddy\byte-buddy-agent\1.12.13\byte-buddy-agent-1.12.13.jar;C:\Program Files\apache-maven-3.5.2\repository\org\objenesis\objenesis\3.2\objenesis-3.2.jar;C:\Program Files\apache-maven-3.5.2\repository\org\mockito\mockito-junit-jupiter\4.5.1\mockito-junit-jupiter-4.5.1.jar;C:\Program Files\apache-maven-3.5.2\repository\org\skyscreamer\jsonassert\1.5.1\jsonassert-1.5.1.jar;C:\Program Files\apache-maven-3.5.2\repository\com\vaadin\external\google\android-json\0.0.20131108.vaadin1\android-json-0.0.20131108.vaadin1.jar;C:\Program Files\apache-maven-3.5.2\repository\org\springframework\spring-test\5.3.22\spring-test-5.3.22.jar;C:\Program Files\apache-maven-3.5.2\repository\org\xmlunit\xmlunit-core\2.9.0\xmlunit-core-2.9.0.jar;C:\Program Files\apache-maven-3.5.2\repository\org\springframework\boot\spring-boot-starter-web\2.7.3\spring-boot-starter-web-2.7.3.jar;C:\Program Files\apache-maven-3.5.2\repository\org\springframework\boot\spring-boot-starter-tomcat\2.7.3\spring-boot-starter-tomcat-2.7.3.jar;C:\Program Files\apache-maven-3.5.2\repository\org\apache\tomcat\embed\tomcat-embed-core\9.0.65\tomcat-embed-core-9.0.65.jar;C:\Program Files\apache-maven-3.5.2\repository\org\apache\tomcat\embed\tomcat-embed-el\9.0.65\tomcat-embed-el-9.0.65.jar;C:\Program Files\apache-maven-3.5.2\repository\org\apache\tomcat\embed\tomcat-embed-websocket\9.0.65\tomcat-embed-websocket-9.0.65.jar;C:\Program Files\apache-maven-3.5.2\repository\org\springframework\spring-web\5.3.22\spring-web-5.3.22.jar;C:\Program Files\apache-maven-3.5.2\repository\org\springframework\spring-beans\5.3.22\spring-beans-5.3.22.jar;C:\Program Files\apache-maven-3.5.2\repository\org\springframework\spring-webmvc\5.3.22\spring-webmvc-5.3.22.jar;C:\Program Files\apache-maven-3.5.2\repository\org\springframework\spring-aop\5.3.22\spring-aop-5.3.22.jar;C:\Program Files\apache-maven-3.5.2\repository\org\springframework\spring-expression\5.3.22\spring-expression-5.3.22.jar;C:\Program Files\apache-maven-3.5.2\repository\mysql\mysql-connector-java\8.0.30\mysql-connector-java-8.0.30.jar;C:\Program Files\apache-maven-3.5.2\repository\org\mybatis\spring\boot\mybatis-spring-boot-starter\2.2.0\mybatis-spring-boot-starter-2.2.0.jar;C:\Program Files\apache-maven-3.5.2\repository\org\springframework\boot\spring-boot-starter-jdbc\2.7.3\spring-boot-starter-jdbc-2.7.3.jar;C:\Program Files\apache-maven-3.5.2\repository\com\zaxxer\HikariCP\4.0.3\HikariCP-4.0.3.jar;C:\Program Files\apache-maven-3.5.2\repository\org\springframework\spring-jdbc\5.3.22\spring-jdbc-5.3.22.jar;C:\Program Files\apache-maven-3.5.2\repository\org\mybatis\spring\boot\mybatis-spring-boot-autoconfigure\2.2.0\mybatis-spring-boot-autoconfigure-2.2.0.jar;C:\Program Files\apache-maven-3.5.2\repository\org\mybatis\mybatis\3.5.7\mybatis-3.5.7.jar;C:\Program Files\apache-maven-3.5.2\repository\org\mybatis\mybatis-spring\2.0.6\mybatis-spring-2.0.6.jar;C:\Program Files\apache-maven-3.5.2\repository\org\projectlombok\lombok\1.18.20\lombok-1.18.20.jar;C:\Program Files\apache-maven-3.5.2\repository\com\alibaba\fastjson\1.2.76\fastjson-1.2.76.jar;C:\Program Files\apache-maven-3.5.2\repository\com\alibaba\druid-spring-boot-starter\1.2.1\druid-spring-boot-starter-1.2.1.jar;C:\Program Files\apache-maven-3.5.2\repository\com\alibaba\druid\1.2.1\druid-1.2.1.jar;C:\Program Files\apache-maven-3.5.2\repository\org\slf4j\slf4j-api\1.7.36\slf4j-api-1.7.36.jar;C:\Program Files\apache-maven-3.5.2\repository\com\github\pagehelper\pagehelper-spring-boot-starter\1.3.0\pagehelper-spring-boot-starter-1.3.0.jar;C:\Program Files\apache-maven-3.5.2\repository\com\github\pagehelper\pagehelper-spring-boot-autoconfigure\1.3.0\pagehelper-spring-boot-autoconfigure-1.3.0.jar;C:\Program Files\apache-maven-3.5.2\repository\com\github\pagehelper\pagehelper\5.2.0\pagehelper-5.2.0.jar;C:\Program Files\apache-maven-3.5.2\repository\com\github\jsqlparser\jsqlparser\3.2\jsqlparser-3.2.jar;C:\Program Files\apache-maven-3.5.2\repository\org\aspectj\aspectjrt\1.9.4\aspectjrt-1.9.4.jar;C:\Program Files\apache-maven-3.5.2\repository\org\aspectj\aspectjweaver\1.9.4\aspectjweaver-1.9.4.jar;C:\Program Files\apache-maven-3.5.2\repository\com\github\xiaoymin\knife4j-spring-boot-starter\3.0.2\knife4j-spring-boot-starter-3.0.2.jar;C:\Program Files\apache-maven-3.5.2\repository\com\github\xiaoymin\knife4j-spring-boot-autoconfigure\3.0.2\knife4j-spring-boot-autoconfigure-3.0.2.jar;C:\Program Files\apache-maven-3.5.2\repository\com\github\xiaoymin\knife4j-spring\3.0.2\knife4j-spring-3.0.2.jar;C:\Program Files\apache-maven-3.5.2\repository\com\github\xiaoymin\knife4j-annotations\3.0.2\knife4j-annotations-3.0.2.jar;C:\Program Files\apache-maven-3.5.2\repository\io\swagger\swagger-annotations\1.5.22\swagger-annotations-1.5.22.jar;C:\Program Files\apache-maven-3.5.2\repository\io\swagger\core\v3\swagger-annotations\2.1.2\swagger-annotations-2.1.2.jar;C:\Program Files\apache-maven-3.5.2\repository\com\github\xiaoymin\knife4j-core\3.0.2\knife4j-core-3.0.2.jar;C:\Program Files\apache-maven-3.5.2\repository\org\javassist\javassist\3.25.0-GA\javassist-3.25.0-GA.jar;C:\Program Files\apache-maven-3.5.2\repository\io\springfox\springfox-swagger2\3.0.0\springfox-swagger2-3.0.0.jar;C:\Program Files\apache-maven-3.5.2\repository\io\springfox\springfox-spi\3.0.0\springfox-spi-3.0.0.jar;C:\Program Files\apache-maven-3.5.2\repository\io\springfox\springfox-schema\3.0.0\springfox-schema-3.0.0.jar;C:\Program Files\apache-maven-3.5.2\repository\io\springfox\springfox-swagger-common\3.0.0\springfox-swagger-common-3.0.0.jar;C:\Program Files\apache-maven-3.5.2\repository\io\springfox\springfox-spring-web\3.0.0\springfox-spring-web-3.0.0.jar;C:\Program Files\apache-maven-3.5.2\repository\io\github\classgraph\classgraph\4.8.83\classgraph-4.8.83.jar;C:\Program Files\apache-maven-3.5.2\repository\io\springfox\springfox-spring-webflux\3.0.0\springfox-spring-webflux-3.0.0.jar;C:\Program Files\apache-maven-3.5.2\repository\org\mapstruct\mapstruct\1.3.1.Final\mapstruct-1.3.1.Final.jar;C:\Program Files\apache-maven-3.5.2\repository\io\springfox\springfox-spring-webmvc\3.0.0\springfox-spring-webmvc-3.0.0.jar;C:\Program Files\apache-maven-3.5.2\repository\io\springfox\springfox-core\3.0.0\springfox-core-3.0.0.jar;C:\Program Files\apache-maven-3.5.2\repository\io\springfox\springfox-oas\3.0.0\springfox-oas-3.0.0.jar;C:\Program Files\apache-maven-3.5.2\repository\io\swagger\core\v3\swagger-models\2.1.2\swagger-models-2.1.2.jar;C:\Program Files\apache-maven-3.5.2\repository\io\springfox\springfox-bean-validators\3.0.0\springfox-bean-validators-3.0.0.jar;C:\Program Files\apache-maven-3.5.2\repository\io\swagger\swagger-models\1.5.22\swagger-models-1.5.22.jar;C:\Program Files\apache-maven-3.5.2\repository\io\swagger\swagger-core\1.5.22\swagger-core-1.5.22.jar;C:\Program Files\apache-maven-3.5.2\repository\org\apache\commons\commons-lang3\3.12.0\commons-lang3-3.12.0.jar;C:\Program Files\apache-maven-3.5.2\repository\com\fasterxml\jackson\dataformat\jackson-dataformat-yaml\2.13.3\jackson-dataformat-yaml-2.13.3.jar;C:\Program Files\apache-maven-3.5.2\repository\com\google\guava\guava\27.0.1-android\guava-27.0.1-android.jar;C:\Program Files\apache-maven-3.5.2\repository\com\google\guava\failureaccess\1.0.1\failureaccess-1.0.1.jar;C:\Program Files\apache-maven-3.5.2\repository\com\google\guava\listenablefuture\9999.0-empty-to-avoid-conflict-with-guava\listenablefuture-9999.0-empty-to-avoid-conflict-with-guava.jar;C:\Program Files\apache-maven-3.5.2\repository\com\google\code\findbugs\jsr305\3.0.2\jsr305-3.0.2.jar;C:\Program Files\apache-maven-3.5.2\repository\org\checkerframework\checker-compat-qual\2.5.2\checker-compat-qual-2.5.2.jar;C:\Program Files\apache-maven-3.5.2\repository\com\google\errorprone\error_prone_annotations\2.2.0\error_prone_annotations-2.2.0.jar;C:\Program Files\apache-maven-3.5.2\repository\com\google\j2objc\j2objc-annotations\1.1\j2objc-annotations-1.1.jar;C:\Program Files\apache-maven-3.5.2\repository\org\codehaus\mojo\animal-sniffer-annotations\1.17\animal-sniffer-annotations-1.17.jar;C:\Program Files\apache-maven-3.5.2\repository\javax\validation\validation-api\2.0.1.Final\validation-api-2.0.1.Final.jar;C:\Program Files\apache-maven-3.5.2\repository\io\springfox\springfox-boot-starter\3.0.0\springfox-boot-starter-3.0.0.jar;C:\Program Files\apache-maven-3.5.2\repository\io\springfox\springfox-data-rest\3.0.0\springfox-data-rest-3.0.0.jar;C:\Program Files\apache-maven-3.5.2\repository\com\fasterxml\classmate\1.5.1\classmate-1.5.1.jar;C:\Program Files\apache-maven-3.5.2\repository\org\springframework\plugin\spring-plugin-core\2.0.0.RELEASE\spring-plugin-core-2.0.0.RELEASE.jar;C:\Program Files\apache-maven-3.5.2\repository\org\springframework\plugin\spring-plugin-metadata\2.0.0.RELEASE\spring-plugin-metadata-2.0.0.RELEASE.jar;C:\Program Files\apache-maven-3.5.2\repository\com\github\xiaoymin\knife4j-spring-ui\3.0.2\knife4j-spring-ui-3.0.2.jar;C:\Program Files\apache-maven-3.5.2\repository\org\springframework\boot\spring-boot-starter-data-redis\2.7.3\spring-boot-starter-data-redis-2.7.3.jar;C:\Program Files\apache-maven-3.5.2\repository\org\springframework\data\spring-data-redis\2.7.2\spring-data-redis-2.7.2.jar;C:\Program Files\apache-maven-3.5.2\repository\org\springframework\data\spring-data-keyvalue\2.7.2\spring-data-keyvalue-2.7.2.jar;C:\Program Files\apache-maven-3.5.2\repository\org\springframework\data\spring-data-commons\2.7.2\spring-data-commons-2.7.2.jar;C:\Program Files\apache-maven-3.5.2\repository\org\springframework\spring-tx\5.3.22\spring-tx-5.3.22.jar;C:\Program Files\apache-maven-3.5.2\repository\org\springframework\spring-oxm\5.3.22\spring-oxm-5.3.22.jar;C:\Program Files\apache-maven-3.5.2\repository\io\lettuce\lettuce-core\6.1.9.RELEASE\lettuce-core-6.1.9.RELEASE.jar;C:\Program Files\apache-maven-3.5.2\repository\io\netty\netty-common\4.1.79.Final\netty-common-4.1.79.Final.jar;C:\Program Files\apache-maven-3.5.2\repository\io\netty\netty-handler\4.1.79.Final\netty-handler-4.1.79.Final.jar;C:\Program Files\apache-maven-3.5.2\repository\io\netty\netty-resolver\4.1.79.Final\netty-resolver-4.1.79.Final.jar;C:\Program Files\apache-maven-3.5.2\repository\io\netty\netty-buffer\4.1.79.Final\netty-buffer-4.1.79.Final.jar;C:\Program Files\apache-maven-3.5.2\repository\io\netty\netty-transport-native-unix-common\4.1.79.Final\netty-transport-native-unix-common-4.1.79.Final.jar;C:\Program Files\apache-maven-3.5.2\repository\io\netty\netty-codec\4.1.79.Final\netty-codec-4.1.79.Final.jar;C:\Program Files\apache-maven-3.5.2\repository\io\netty\netty-transport\4.1.79.Final\netty-transport-4.1.79.Final.jar;C:\Program Files\apache-maven-3.5.2\repository\io\projectreactor\reactor-core\3.4.22\reactor-core-3.4.22.jar;C:\Program Files\apache-maven-3.5.2\repository\org\reactivestreams\reactive-streams\1.0.4\reactive-streams-1.0.4.jar;C:\Program Files\apache-maven-3.5.2\repository\org\springframework\boot\spring-boot-starter-cache\2.7.3\spring-boot-starter-cache-2.7.3.jar;C:\Program Files\apache-maven-3.5.2\repository\org\springframework\spring-context-support\5.3.22\spring-context-support-5.3.22.jar;C:\Program Files\apache-maven-3.5.2\repository\org\springframework\boot\spring-boot-starter-websocket\2.7.3\spring-boot-starter-websocket-2.7.3.jar;C:\Program Files\apache-maven-3.5.2\repository\org\springframework\spring-messaging\5.3.22\spring-messaging-5.3.22.jar;C:\Program Files\apache-maven-3.5.2\repository\org\springframework\spring-websocket\5.3.22\spring-websocket-5.3.22.jar;C:\Program Files\apache-maven-3.5.2\repository\javax\xml\bind\jaxb-api\2.3.1\jaxb-api-2.3.1.jar;C:\Program Files\apache-maven-3.5.2\repository\javax\activation\javax.activation-api\1.2.0\javax.activation-api-1.2.0.jar;C:\Program Files\apache-maven-3.5.2\repository\org\apache\poi\poi\3.16\poi-3.16.jar;C:\Program Files\apache-maven-3.5.2\repository\commons-codec\commons-codec\1.15\commons-codec-1.15.jar;C:\Program Files\apache-maven-3.5.2\repository\org\apache\commons\commons-collections4\4.1\commons-collections4-4.1.jar;C:\Program Files\apache-maven-3.5.2\repository\org\apache\poi\poi-ooxml\3.16\poi-ooxml-3.16.jar;C:\Program Files\apache-maven-3.5.2\repository\org\apache\poi\poi-ooxml-schemas\3.16\poi-ooxml-schemas-3.16.jar;C:\Program Files\apache-maven-3.5.2\repository\org\apache\xmlbeans\xmlbeans\2.6.0\xmlbeans-2.6.0.jar;C:\Program Files\apache-maven-3.5.2\repository\com\github\virtuald\curvesapi\1.04\curvesapi-1.04.jar;"/>
    <property name="java.vm.vendor" value="Oracle Corporation"/>
    <property name="sun.arch.data.model" value="64"/>
    <property name="user.variant" value=""/>
    <property name="java.vendor.url" value="http://java.oracle.com/"/>
    <property name="user.timezone" value="Asia/Shanghai"/>
    <property name="java.vm.specification.version" value="1.8"/>
    <property name="os.name" value="Windows 10"/>
    <property name="user.country" value="CN"/>
    <property name="sun.java.launcher" value="SUN_STANDARD"/>
    <property name="sun.boot.library.path" value="C:\Program Files\Java\jdk1.8.0_181\jre\bin"/>
    <property name="sun.java.command" value="C:\Users\ADMINI~1\AppData\Local\Temp\surefire7099470069729921986\surefirebooter2327635952090482176.jar C:\Users\Administrator\AppData\Local\Temp\surefire7099470069729921986 2024-01-17T08-32-07_169-jvmRun1 surefire2510425371510482020tmp surefire_06148177434984271525tmp"/>
    <property name="surefire.test.class.path" value="C:\desktop\sky\sky-server\target\test-classes;C:\desktop\sky\sky-server\target\classes;C:\desktop\sky\sky-common\target\sky-common-1.0-SNAPSHOT.jar;C:\Program Files\apache-maven-3.5.2\repository\commons-lang\commons-lang\2.6\commons-lang-2.6.jar;C:\Program Files\apache-maven-3.5.2\repository\org\springframework\boot\spring-boot-starter-json\2.7.3\spring-boot-starter-json-2.7.3.jar;C:\Program Files\apache-maven-3.5.2\repository\com\fasterxml\jackson\datatype\jackson-datatype-jdk8\2.13.3\jackson-datatype-jdk8-2.13.3.jar;C:\Program Files\apache-maven-3.5.2\repository\com\fasterxml\jackson\datatype\jackson-datatype-jsr310\2.13.3\jackson-datatype-jsr310-2.13.3.jar;C:\Program Files\apache-maven-3.5.2\repository\com\fasterxml\jackson\module\jackson-module-parameter-names\2.13.3\jackson-module-parameter-names-2.13.3.jar;C:\Program Files\apache-maven-3.5.2\repository\io\jsonwebtoken\jjwt\0.9.1\jjwt-0.9.1.jar;C:\Program Files\apache-maven-3.5.2\repository\com\aliyun\oss\aliyun-sdk-oss\3.10.2\aliyun-sdk-oss-3.10.2.jar;C:\Program Files\apache-maven-3.5.2\repository\org\apache\httpcomponents\httpclient\4.5.13\httpclient-4.5.13.jar;C:\Program Files\apache-maven-3.5.2\repository\org\apache\httpcomponents\httpcore\4.4.15\httpcore-4.4.15.jar;C:\Program Files\apache-maven-3.5.2\repository\org\jdom\jdom2\2.0.6.1\jdom2-2.0.6.1.jar;C:\Program Files\apache-maven-3.5.2\repository\org\codehaus\jettison\jettison\1.1\jettison-1.1.jar;C:\Program Files\apache-maven-3.5.2\repository\stax\stax-api\1.0.1\stax-api-1.0.1.jar;C:\Program Files\apache-maven-3.5.2\repository\com\aliyun\aliyun-java-sdk-core\3.4.0\aliyun-java-sdk-core-3.4.0.jar;C:\Program Files\apache-maven-3.5.2\repository\com\aliyun\aliyun-java-sdk-ram\3.0.0\aliyun-java-sdk-ram-3.0.0.jar;C:\Program Files\apache-maven-3.5.2\repository\com\aliyun\aliyun-java-sdk-sts\3.0.0\aliyun-java-sdk-sts-3.0.0.jar;C:\Program Files\apache-maven-3.5.2\repository\com\aliyun\aliyun-java-sdk-ecs\4.2.0\aliyun-java-sdk-ecs-4.2.0.jar;C:\Program Files\apache-maven-3.5.2\repository\com\aliyun\aliyun-java-sdk-kms\2.7.0\aliyun-java-sdk-kms-2.7.0.jar;C:\Program Files\apache-maven-3.5.2\repository\com\google\code\gson\gson\2.9.1\gson-2.9.1.jar;C:\Program Files\apache-maven-3.5.2\repository\com\github\wechatpay-apiv3\wechatpay-apache-httpclient\0.4.8\wechatpay-apache-httpclient-0.4.8.jar;C:\Program Files\apache-maven-3.5.2\repository\org\apache\httpcomponents\httpmime\4.5.13\httpmime-4.5.13.jar;C:\desktop\sky\sky-pojo\target\sky-pojo-1.0-SNAPSHOT.jar;C:\Program Files\apache-maven-3.5.2\repository\com\fasterxml\jackson\core\jackson-databind\2.13.3\jackson-databind-2.13.3.jar;C:\Program Files\apache-maven-3.5.2\repository\com\fasterxml\jackson\core\jackson-annotations\2.13.3\jackson-annotations-2.13.3.jar;C:\Program Files\apache-maven-3.5.2\repository\com\fasterxml\jackson\core\jackson-core\2.13.3\jackson-core-2.13.3.jar;C:\Program Files\apache-maven-3.5.2\repository\org\springframework\boot\spring-boot-starter\2.7.3\spring-boot-starter-2.7.3.jar;C:\Program Files\apache-maven-3.5.2\repository\org\springframework\boot\spring-boot\2.7.3\spring-boot-2.7.3.jar;C:\Program Files\apache-maven-3.5.2\repository\org\springframework\spring-context\5.3.22\spring-context-5.3.22.jar;C:\Program Files\apache-maven-3.5.2\repository\org\springframework\boot\spring-boot-autoconfigure\2.7.3\spring-boot-autoconfigure-2.7.3.jar;C:\Program Files\apache-maven-3.5.2\repository\org\springframework\boot\spring-boot-starter-logging\2.7.3\spring-boot-starter-logging-2.7.3.jar;C:\Program Files\apache-maven-3.5.2\repository\ch\qos\logback\logback-classic\1.2.11\logback-classic-1.2.11.jar;C:\Program Files\apache-maven-3.5.2\repository\ch\qos\logback\logback-core\1.2.11\logback-core-1.2.11.jar;C:\Program Files\apache-maven-3.5.2\repository\org\apache\logging\log4j\log4j-to-slf4j\2.17.2\log4j-to-slf4j-2.17.2.jar;C:\Program Files\apache-maven-3.5.2\repository\org\apache\logging\log4j\log4j-api\2.17.2\log4j-api-2.17.2.jar;C:\Program Files\apache-maven-3.5.2\repository\org\slf4j\jul-to-slf4j\1.7.36\jul-to-slf4j-1.7.36.jar;C:\Program Files\apache-maven-3.5.2\repository\jakarta\annotation\jakarta.annotation-api\1.3.5\jakarta.annotation-api-1.3.5.jar;C:\Program Files\apache-maven-3.5.2\repository\org\springframework\spring-core\5.3.22\spring-core-5.3.22.jar;C:\Program Files\apache-maven-3.5.2\repository\org\springframework\spring-jcl\5.3.22\spring-jcl-5.3.22.jar;C:\Program Files\apache-maven-3.5.2\repository\org\yaml\snakeyaml\1.30\snakeyaml-1.30.jar;C:\Program Files\apache-maven-3.5.2\repository\org\springframework\boot\spring-boot-starter-test\2.7.3\spring-boot-starter-test-2.7.3.jar;C:\Program Files\apache-maven-3.5.2\repository\org\springframework\boot\spring-boot-test\2.7.3\spring-boot-test-2.7.3.jar;C:\Program Files\apache-maven-3.5.2\repository\org\springframework\boot\spring-boot-test-autoconfigure\2.7.3\spring-boot-test-autoconfigure-2.7.3.jar;C:\Program Files\apache-maven-3.5.2\repository\com\jayway\jsonpath\json-path\2.7.0\json-path-2.7.0.jar;C:\Program Files\apache-maven-3.5.2\repository\net\minidev\json-smart\2.4.8\json-smart-2.4.8.jar;C:\Program Files\apache-maven-3.5.2\repository\net\minidev\accessors-smart\2.4.8\accessors-smart-2.4.8.jar;C:\Program Files\apache-maven-3.5.2\repository\org\ow2\asm\asm\9.1\asm-9.1.jar;C:\Program Files\apache-maven-3.5.2\repository\jakarta\xml\bind\jakarta.xml.bind-api\2.3.3\jakarta.xml.bind-api-2.3.3.jar;C:\Program Files\apache-maven-3.5.2\repository\jakarta\activation\jakarta.activation-api\1.2.2\jakarta.activation-api-1.2.2.jar;C:\Program Files\apache-maven-3.5.2\repository\org\assertj\assertj-core\3.22.0\assertj-core-3.22.0.jar;C:\Program Files\apache-maven-3.5.2\repository\org\hamcrest\hamcrest\2.2\hamcrest-2.2.jar;C:\Program Files\apache-maven-3.5.2\repository\org\junit\jupiter\junit-jupiter\5.8.2\junit-jupiter-5.8.2.jar;C:\Program Files\apache-maven-3.5.2\repository\org\junit\jupiter\junit-jupiter-api\5.8.2\junit-jupiter-api-5.8.2.jar;C:\Program Files\apache-maven-3.5.2\repository\org\opentest4j\opentest4j\1.2.0\opentest4j-1.2.0.jar;C:\Program Files\apache-maven-3.5.2\repository\org\junit\platform\junit-platform-commons\1.8.2\junit-platform-commons-1.8.2.jar;C:\Program Files\apache-maven-3.5.2\repository\org\apiguardian\apiguardian-api\1.1.2\apiguardian-api-1.1.2.jar;C:\Program Files\apache-maven-3.5.2\repository\org\junit\jupiter\junit-jupiter-params\5.8.2\junit-jupiter-params-5.8.2.jar;C:\Program Files\apache-maven-3.5.2\repository\org\junit\jupiter\junit-jupiter-engine\5.8.2\junit-jupiter-engine-5.8.2.jar;C:\Program Files\apache-maven-3.5.2\repository\org\junit\platform\junit-platform-engine\1.8.2\junit-platform-engine-1.8.2.jar;C:\Program Files\apache-maven-3.5.2\repository\org\mockito\mockito-core\4.5.1\mockito-core-4.5.1.jar;C:\Program Files\apache-maven-3.5.2\repository\net\bytebuddy\byte-buddy\1.12.13\byte-buddy-1.12.13.jar;C:\Program Files\apache-maven-3.5.2\repository\net\bytebuddy\byte-buddy-agent\1.12.13\byte-buddy-agent-1.12.13.jar;C:\Program Files\apache-maven-3.5.2\repository\org\objenesis\objenesis\3.2\objenesis-3.2.jar;C:\Program Files\apache-maven-3.5.2\repository\org\mockito\mockito-junit-jupiter\4.5.1\mockito-junit-jupiter-4.5.1.jar;C:\Program Files\apache-maven-3.5.2\repository\org\skyscreamer\jsonassert\1.5.1\jsonassert-1.5.1.jar;C:\Program Files\apache-maven-3.5.2\repository\com\vaadin\external\google\android-json\0.0.20131108.vaadin1\android-json-0.0.20131108.vaadin1.jar;C:\Program Files\apache-maven-3.5.2\repository\org\springframework\spring-test\5.3.22\spring-test-5.3.22.jar;C:\Program Files\apache-maven-3.5.2\repository\org\xmlunit\xmlunit-core\2.9.0\xmlunit-core-2.9.0.jar;C:\Program Files\apache-maven-3.5.2\repository\org\springframework\boot\spring-boot-starter-web\2.7.3\spring-boot-starter-web-2.7.3.jar;C:\Program Files\apache-maven-3.5.2\repository\org\springframework\boot\spring-boot-starter-tomcat\2.7.3\spring-boot-starter-tomcat-2.7.3.jar;C:\Program Files\apache-maven-3.5.2\repository\org\apache\tomcat\embed\tomcat-embed-core\9.0.65\tomcat-embed-core-9.0.65.jar;C:\Program Files\apache-maven-3.5.2\repository\org\apache\tomcat\embed\tomcat-embed-el\9.0.65\tomcat-embed-el-9.0.65.jar;C:\Program Files\apache-maven-3.5.2\repository\org\apache\tomcat\embed\tomcat-embed-websocket\9.0.65\tomcat-embed-websocket-9.0.65.jar;C:\Program Files\apache-maven-3.5.2\repository\org\springframework\spring-web\5.3.22\spring-web-5.3.22.jar;C:\Program Files\apache-maven-3.5.2\repository\org\springframework\spring-beans\5.3.22\spring-beans-5.3.22.jar;C:\Program Files\apache-maven-3.5.2\repository\org\springframework\spring-webmvc\5.3.22\spring-webmvc-5.3.22.jar;C:\Program Files\apache-maven-3.5.2\repository\org\springframework\spring-aop\5.3.22\spring-aop-5.3.22.jar;C:\Program Files\apache-maven-3.5.2\repository\org\springframework\spring-expression\5.3.22\spring-expression-5.3.22.jar;C:\Program Files\apache-maven-3.5.2\repository\mysql\mysql-connector-java\8.0.30\mysql-connector-java-8.0.30.jar;C:\Program Files\apache-maven-3.5.2\repository\org\mybatis\spring\boot\mybatis-spring-boot-starter\2.2.0\mybatis-spring-boot-starter-2.2.0.jar;C:\Program Files\apache-maven-3.5.2\repository\org\springframework\boot\spring-boot-starter-jdbc\2.7.3\spring-boot-starter-jdbc-2.7.3.jar;C:\Program Files\apache-maven-3.5.2\repository\com\zaxxer\HikariCP\4.0.3\HikariCP-4.0.3.jar;C:\Program Files\apache-maven-3.5.2\repository\org\springframework\spring-jdbc\5.3.22\spring-jdbc-5.3.22.jar;C:\Program Files\apache-maven-3.5.2\repository\org\mybatis\spring\boot\mybatis-spring-boot-autoconfigure\2.2.0\mybatis-spring-boot-autoconfigure-2.2.0.jar;C:\Program Files\apache-maven-3.5.2\repository\org\mybatis\mybatis\3.5.7\mybatis-3.5.7.jar;C:\Program Files\apache-maven-3.5.2\repository\org\mybatis\mybatis-spring\2.0.6\mybatis-spring-2.0.6.jar;C:\Program Files\apache-maven-3.5.2\repository\org\projectlombok\lombok\1.18.20\lombok-1.18.20.jar;C:\Program Files\apache-maven-3.5.2\repository\com\alibaba\fastjson\1.2.76\fastjson-1.2.76.jar;C:\Program Files\apache-maven-3.5.2\repository\com\alibaba\druid-spring-boot-starter\1.2.1\druid-spring-boot-starter-1.2.1.jar;C:\Program Files\apache-maven-3.5.2\repository\com\alibaba\druid\1.2.1\druid-1.2.1.jar;C:\Program Files\apache-maven-3.5.2\repository\org\slf4j\slf4j-api\1.7.36\slf4j-api-1.7.36.jar;C:\Program Files\apache-maven-3.5.2\repository\com\github\pagehelper\pagehelper-spring-boot-starter\1.3.0\pagehelper-spring-boot-starter-1.3.0.jar;C:\Program Files\apache-maven-3.5.2\repository\com\github\pagehelper\pagehelper-spring-boot-autoconfigure\1.3.0\pagehelper-spring-boot-autoconfigure-1.3.0.jar;C:\Program Files\apache-maven-3.5.2\repository\com\github\pagehelper\pagehelper\5.2.0\pagehelper-5.2.0.jar;C:\Program Files\apache-maven-3.5.2\repository\com\github\jsqlparser\jsqlparser\3.2\jsqlparser-3.2.jar;C:\Program Files\apache-maven-3.5.2\repository\org\aspectj\aspectjrt\1.9.4\aspectjrt-1.9.4.jar;C:\Program Files\apache-maven-3.5.2\repository\org\aspectj\aspectjweaver\1.9.4\aspectjweaver-1.9.4.jar;C:\Program Files\apache-maven-3.5.2\repository\com\github\xiaoymin\knife4j-spring-boot-starter\3.0.2\knife4j-spring-boot-starter-3.0.2.jar;C:\Program Files\apache-maven-3.5.2\repository\com\github\xiaoymin\knife4j-spring-boot-autoconfigure\3.0.2\knife4j-spring-boot-autoconfigure-3.0.2.jar;C:\Program Files\apache-maven-3.5.2\repository\com\github\xiaoymin\knife4j-spring\3.0.2\knife4j-spring-3.0.2.jar;C:\Program Files\apache-maven-3.5.2\repository\com\github\xiaoymin\knife4j-annotations\3.0.2\knife4j-annotations-3.0.2.jar;C:\Program Files\apache-maven-3.5.2\repository\io\swagger\swagger-annotations\1.5.22\swagger-annotations-1.5.22.jar;C:\Program Files\apache-maven-3.5.2\repository\io\swagger\core\v3\swagger-annotations\2.1.2\swagger-annotations-2.1.2.jar;C:\Program Files\apache-maven-3.5.2\repository\com\github\xiaoymin\knife4j-core\3.0.2\knife4j-core-3.0.2.jar;C:\Program Files\apache-maven-3.5.2\repository\org\javassist\javassist\3.25.0-GA\javassist-3.25.0-GA.jar;C:\Program Files\apache-maven-3.5.2\repository\io\springfox\springfox-swagger2\3.0.0\springfox-swagger2-3.0.0.jar;C:\Program Files\apache-maven-3.5.2\repository\io\springfox\springfox-spi\3.0.0\springfox-spi-3.0.0.jar;C:\Program Files\apache-maven-3.5.2\repository\io\springfox\springfox-schema\3.0.0\springfox-schema-3.0.0.jar;C:\Program Files\apache-maven-3.5.2\repository\io\springfox\springfox-swagger-common\3.0.0\springfox-swagger-common-3.0.0.jar;C:\Program Files\apache-maven-3.5.2\repository\io\springfox\springfox-spring-web\3.0.0\springfox-spring-web-3.0.0.jar;C:\Program Files\apache-maven-3.5.2\repository\io\github\classgraph\classgraph\4.8.83\classgraph-4.8.83.jar;C:\Program Files\apache-maven-3.5.2\repository\io\springfox\springfox-spring-webflux\3.0.0\springfox-spring-webflux-3.0.0.jar;C:\Program Files\apache-maven-3.5.2\repository\org\mapstruct\mapstruct\1.3.1.Final\mapstruct-1.3.1.Final.jar;C:\Program Files\apache-maven-3.5.2\repository\io\springfox\springfox-spring-webmvc\3.0.0\springfox-spring-webmvc-3.0.0.jar;C:\Program Files\apache-maven-3.5.2\repository\io\springfox\springfox-core\3.0.0\springfox-core-3.0.0.jar;C:\Program Files\apache-maven-3.5.2\repository\io\springfox\springfox-oas\3.0.0\springfox-oas-3.0.0.jar;C:\Program Files\apache-maven-3.5.2\repository\io\swagger\core\v3\swagger-models\2.1.2\swagger-models-2.1.2.jar;C:\Program Files\apache-maven-3.5.2\repository\io\springfox\springfox-bean-validators\3.0.0\springfox-bean-validators-3.0.0.jar;C:\Program Files\apache-maven-3.5.2\repository\io\swagger\swagger-models\1.5.22\swagger-models-1.5.22.jar;C:\Program Files\apache-maven-3.5.2\repository\io\swagger\swagger-core\1.5.22\swagger-core-1.5.22.jar;C:\Program Files\apache-maven-3.5.2\repository\org\apache\commons\commons-lang3\3.12.0\commons-lang3-3.12.0.jar;C:\Program Files\apache-maven-3.5.2\repository\com\fasterxml\jackson\dataformat\jackson-dataformat-yaml\2.13.3\jackson-dataformat-yaml-2.13.3.jar;C:\Program Files\apache-maven-3.5.2\repository\com\google\guava\guava\27.0.1-android\guava-27.0.1-android.jar;C:\Program Files\apache-maven-3.5.2\repository\com\google\guava\failureaccess\1.0.1\failureaccess-1.0.1.jar;C:\Program Files\apache-maven-3.5.2\repository\com\google\guava\listenablefuture\9999.0-empty-to-avoid-conflict-with-guava\listenablefuture-9999.0-empty-to-avoid-conflict-with-guava.jar;C:\Program Files\apache-maven-3.5.2\repository\com\google\code\findbugs\jsr305\3.0.2\jsr305-3.0.2.jar;C:\Program Files\apache-maven-3.5.2\repository\org\checkerframework\checker-compat-qual\2.5.2\checker-compat-qual-2.5.2.jar;C:\Program Files\apache-maven-3.5.2\repository\com\google\errorprone\error_prone_annotations\2.2.0\error_prone_annotations-2.2.0.jar;C:\Program Files\apache-maven-3.5.2\repository\com\google\j2objc\j2objc-annotations\1.1\j2objc-annotations-1.1.jar;C:\Program Files\apache-maven-3.5.2\repository\org\codehaus\mojo\animal-sniffer-annotations\1.17\animal-sniffer-annotations-1.17.jar;C:\Program Files\apache-maven-3.5.2\repository\javax\validation\validation-api\2.0.1.Final\validation-api-2.0.1.Final.jar;C:\Program Files\apache-maven-3.5.2\repository\io\springfox\springfox-boot-starter\3.0.0\springfox-boot-starter-3.0.0.jar;C:\Program Files\apache-maven-3.5.2\repository\io\springfox\springfox-data-rest\3.0.0\springfox-data-rest-3.0.0.jar;C:\Program Files\apache-maven-3.5.2\repository\com\fasterxml\classmate\1.5.1\classmate-1.5.1.jar;C:\Program Files\apache-maven-3.5.2\repository\org\springframework\plugin\spring-plugin-core\2.0.0.RELEASE\spring-plugin-core-2.0.0.RELEASE.jar;C:\Program Files\apache-maven-3.5.2\repository\org\springframework\plugin\spring-plugin-metadata\2.0.0.RELEASE\spring-plugin-metadata-2.0.0.RELEASE.jar;C:\Program Files\apache-maven-3.5.2\repository\com\github\xiaoymin\knife4j-spring-ui\3.0.2\knife4j-spring-ui-3.0.2.jar;C:\Program Files\apache-maven-3.5.2\repository\org\springframework\boot\spring-boot-starter-data-redis\2.7.3\spring-boot-starter-data-redis-2.7.3.jar;C:\Program Files\apache-maven-3.5.2\repository\org\springframework\data\spring-data-redis\2.7.2\spring-data-redis-2.7.2.jar;C:\Program Files\apache-maven-3.5.2\repository\org\springframework\data\spring-data-keyvalue\2.7.2\spring-data-keyvalue-2.7.2.jar;C:\Program Files\apache-maven-3.5.2\repository\org\springframework\data\spring-data-commons\2.7.2\spring-data-commons-2.7.2.jar;C:\Program Files\apache-maven-3.5.2\repository\org\springframework\spring-tx\5.3.22\spring-tx-5.3.22.jar;C:\Program Files\apache-maven-3.5.2\repository\org\springframework\spring-oxm\5.3.22\spring-oxm-5.3.22.jar;C:\Program Files\apache-maven-3.5.2\repository\io\lettuce\lettuce-core\6.1.9.RELEASE\lettuce-core-6.1.9.RELEASE.jar;C:\Program Files\apache-maven-3.5.2\repository\io\netty\netty-common\4.1.79.Final\netty-common-4.1.79.Final.jar;C:\Program Files\apache-maven-3.5.2\repository\io\netty\netty-handler\4.1.79.Final\netty-handler-4.1.79.Final.jar;C:\Program Files\apache-maven-3.5.2\repository\io\netty\netty-resolver\4.1.79.Final\netty-resolver-4.1.79.Final.jar;C:\Program Files\apache-maven-3.5.2\repository\io\netty\netty-buffer\4.1.79.Final\netty-buffer-4.1.79.Final.jar;C:\Program Files\apache-maven-3.5.2\repository\io\netty\netty-transport-native-unix-common\4.1.79.Final\netty-transport-native-unix-common-4.1.79.Final.jar;C:\Program Files\apache-maven-3.5.2\repository\io\netty\netty-codec\4.1.79.Final\netty-codec-4.1.79.Final.jar;C:\Program Files\apache-maven-3.5.2\repository\io\netty\netty-transport\4.1.79.Final\netty-transport-4.1.79.Final.jar;C:\Program Files\apache-maven-3.5.2\repository\io\projectreactor\reactor-core\3.4.22\reactor-core-3.4.22.jar;C:\Program Files\apache-maven-3.5.2\repository\org\reactivestreams\reactive-streams\1.0.4\reactive-streams-1.0.4.jar;C:\Program Files\apache-maven-3.5.2\repository\org\springframework\boot\spring-boot-starter-cache\2.7.3\spring-boot-starter-cache-2.7.3.jar;C:\Program Files\apache-maven-3.5.2\repository\org\springframework\spring-context-support\5.3.22\spring-context-support-5.3.22.jar;C:\Program Files\apache-maven-3.5.2\repository\org\springframework\boot\spring-boot-starter-websocket\2.7.3\spring-boot-starter-websocket-2.7.3.jar;C:\Program Files\apache-maven-3.5.2\repository\org\springframework\spring-messaging\5.3.22\spring-messaging-5.3.22.jar;C:\Program Files\apache-maven-3.5.2\repository\org\springframework\spring-websocket\5.3.22\spring-websocket-5.3.22.jar;C:\Program Files\apache-maven-3.5.2\repository\javax\xml\bind\jaxb-api\2.3.1\jaxb-api-2.3.1.jar;C:\Program Files\apache-maven-3.5.2\repository\javax\activation\javax.activation-api\1.2.0\javax.activation-api-1.2.0.jar;C:\Program Files\apache-maven-3.5.2\repository\org\apache\poi\poi\3.16\poi-3.16.jar;C:\Program Files\apache-maven-3.5.2\repository\commons-codec\commons-codec\1.15\commons-codec-1.15.jar;C:\Program Files\apache-maven-3.5.2\repository\org\apache\commons\commons-collections4\4.1\commons-collections4-4.1.jar;C:\Program Files\apache-maven-3.5.2\repository\org\apache\poi\poi-ooxml\3.16\poi-ooxml-3.16.jar;C:\Program Files\apache-maven-3.5.2\repository\org\apache\poi\poi-ooxml-schemas\3.16\poi-ooxml-schemas-3.16.jar;C:\Program Files\apache-maven-3.5.2\repository\org\apache\xmlbeans\xmlbeans\2.6.0\xmlbeans-2.6.0.jar;C:\Program Files\apache-maven-3.5.2\repository\com\github\virtuald\curvesapi\1.04\curvesapi-1.04.jar;"/>
    <property name="sun.cpu.endian" value="little"/>
    <property name="user.home" value="C:\Users\Administrator"/>
    <property name="user.language" value="zh"/>
    <property name="java.specification.vendor" value="Oracle Corporation"/>
    <property name="java.home" value="C:\Program Files\Java\jdk1.8.0_181\jre"/>
    <property name="basedir" value="C:\desktop\sky\sky-server"/>
    <property name="file.separator" value="\"/>
    <property name="line.separator" value="&#10;"/>
    <property name="java.vm.specification.vendor" value="Oracle Corporation"/>
    <property name="java.specification.name" value="Java Platform API Specification"/>
    <property name="java.awt.graphicsenv" value="sun.awt.Win32GraphicsEnvironment"/>
    <property name="surefire.real.class.path" value="C:\Users\ADMINI~1\AppData\Local\Temp\surefire7099470069729921986\surefirebooter2327635952090482176.jar"/>
    <property name="sun.boot.class.path" value="C:\Program Files\Java\jdk1.8.0_181\jre\lib\resources.jar;C:\Program Files\Java\jdk1.8.0_181\jre\lib\rt.jar;C:\Program Files\Java\jdk1.8.0_181\jre\lib\sunrsasign.jar;C:\Program Files\Java\jdk1.8.0_181\jre\lib\jsse.jar;C:\Program Files\Java\jdk1.8.0_181\jre\lib\jce.jar;C:\Program Files\Java\jdk1.8.0_181\jre\lib\charsets.jar;C:\Program Files\Java\jdk1.8.0_181\jre\lib\jfr.jar;C:\Program Files\Java\jdk1.8.0_181\jre\classes"/>
    <property name="user.script" value=""/>
    <property name="sun.management.compiler" value="HotSpot 64-Bit Tiered Compilers"/>
    <property name="java.runtime.version" value="1.8.0_181-b13"/>
    <property name="user.name" value="Administrator"/>
    <property name="path.separator" value=";"/>
    <property name="os.version" value="10.0"/>
    <property name="java.endorsed.dirs" value="C:\Program Files\Java\jdk1.8.0_181\jre\lib\endorsed"/>
    <property name="java.runtime.name" value="Java(TM) SE Runtime Environment"/>
    <property name="file.encoding" value="GBK"/>
    <property name="java.vm.name" value="Java HotSpot(TM) 64-Bit Server VM"/>
    <property name="localRepository" value="C:\Program Files\apache-maven-3.5.2\repository"/>
    <property name="java.vendor.url.bug" value="http://bugreport.sun.com/bugreport/"/>
    <property name="java.io.tmpdir" value="C:\Users\ADMINI~1\AppData\Local\Temp\"/>
    <property name="java.version" value="1.8.0_181"/>
    <property name="user.dir" value="C:\desktop\sky\sky-server"/>
    <property name="os.arch" value="amd64"/>
    <property name="java.vm.specification.name" value="Java Virtual Machine Specification"/>
    <property name="java.awt.printerjob" value="sun.awt.windows.WPrinterJob"/>
    <property name="sun.os.patch.level" value=""/>
    <property name="java.library.path" value="C:\Program Files\Java\jdk1.8.0_181\jre\bin;C:\Windows\Sun\Java\bin;C:\Windows\system32;C:\Windows;C:\Program Files\Git\mingw64\bin;C:\Program Files\Git\usr\bin;C:\Users\Administrator\bin;C:\Program Files (x86)\VMware\VMware Workstation\bin;C:\Windows\system32;C:\Windows;C:\Windows\System32\Wbem;C:\Windows\System32\WindowsPowerShell\v1.0;C:\Windows\System32\OpenSSH;C:\Program Files (x86)\NVIDIA Corporation\PhysX\Common;C:\Program Files\Java\jdk1.8.0_181\bin;C:\Program Files\MySQL\MySQL Server 8.0\bin;C:\ProgramData\anaconda3\Scripts;C:\Users\Administrator\AppData\Local\Temp\apache-tomcat-8.5.24-windows-x64\apache-tomcat-8.5.24\bin;C:\Program Files\apache-maven-3.5.2\bin;C:\Program Files\nodejs;C:\Program Files\TortoiseGit\bin;C:\Program Files\Git\cmd;C:\Program Files (x86)\apache-maven-3.9.5\bin;C:\Program Files (x86)\微信web开发者工具\dll;C:\Users\Administrator\AppData\Local\Programs\Python\Python311\Scripts;C:\Users\Administrator\AppData\Local\Programs\Python\Python311;C:\Users\Administrator\AppData\Local\Microsoft\WindowsApps;D:\Microsoft VS Code\bin;D:\IntelliJ IDEA 2021.3.2\bin;C:\Program Files\Java\jdk1.8.0_181;C:\Users\Administrator\AppData\Roaming\npm;C:\Program Files\JetBrains\PyCharm Community Edition 2023.2.1\bin;."/>
    <property name="java.vm.info" value="mixed mode"/>
    <property name="java.vendor" value="Oracle Corporation"/>
    <property name="java.vm.version" value="25.181-b13"/>
    <property name="java.ext.dirs" value="C:\Program Files\Java\jdk1.8.0_181\jre\lib\ext;C:\Windows\Sun\Java\lib\ext"/>
    <property name="sun.io.unicode.encoding" value="UnicodeLittle"/>
    <property name="java.class.version" value="52.0"/>
  </properties>
  <testcase name="testString" classname="com.sky.test.RedisTest" time="0.582"/>
</testsuite>